<?xml version="1.0" encoding="UTF-8"?>
<!-- Generated by org.testng.reporters.JUnitXMLReporter -->
<testsuite hostname="LAPTOP-UT5RV267" ignored="9" name="Test" tests="13" failures="4" timestamp="24 Oct 2018 16:17:39 GMT" time="320.262" errors="0">
  <testcase name="@BeforeMethod beforeEachTest" time="0.18" classname="com.costco.automate.AutomateCostcoWebsite">
    <failure type="java.lang.IllegalStateException" message="The driver executable does not exist: C:\Program Files (x86)\Java\Week4WebDriver-class\Week4WebDriver-class\src\test\resources\chromedriver.exe">
      <![CDATA[java.lang.IllegalStateException: The driver executable does not exist: C:\Program Files (x86)\Java\Week4WebDriver-class\Week4WebDriver-class\src\test\resources\chromedriver.exeat com.google.common.base.Preconditions.checkState(Preconditions.java:585)at org.openqa.selenium.remote.service.DriverService.checkExecutable(DriverService.java:136)at org.openqa.selenium.remote.service.DriverService.findExecutable(DriverService.java:131)at org.openqa.selenium.chrome.ChromeDriverService.access$000(ChromeDriverService.java:32)at org.openqa.selenium.chrome.ChromeDriverService$Builder.findDefaultExecutable(ChromeDriverService.java:137)at org.openqa.selenium.remote.service.DriverService$Builder.build(DriverService.java:339)at org.openqa.selenium.chrome.ChromeDriverService.createDefaultService(ChromeDriverService.java:88)at org.openqa.selenium.chrome.ChromeDriver.<init>(ChromeDriver.java:123)at com.costco.automate.AutomateCostcoWebsite.beforeEachTest(AutomateCostcoWebsite.java:23)... Removed 28 stack frames]]>
    </failure>
  </testcase> <!-- @BeforeMethod beforeEachTest -->
  <testcase name="@AfterMethod afterEachTest" time="0.0" classname="com.costco.automate.AutomateCostcoWebsite">
    <skipped/>
  </testcase> <!-- @AfterMethod afterEachTest -->
  <testcase name="@BeforeMethod beforeEachMethod" time="0.016" classname="com.calculator.automation.CalculatorTests">
    <failure type="java.lang.IllegalStateException" message="The driver executable does not exist: C:\Program Files (x86)\Java\Week4WebDriver-class\Week4WebDriver-class\src\test\resources\chromedriver.exe">
      <![CDATA[java.lang.IllegalStateException: The driver executable does not exist: C:\Program Files (x86)\Java\Week4WebDriver-class\Week4WebDriver-class\src\test\resources\chromedriver.exeat com.google.common.base.Preconditions.checkState(Preconditions.java:585)at org.openqa.selenium.remote.service.DriverService.checkExecutable(DriverService.java:136)at org.openqa.selenium.remote.service.DriverService.findExecutable(DriverService.java:131)at org.openqa.selenium.chrome.ChromeDriverService.access$000(ChromeDriverService.java:32)at org.openqa.selenium.chrome.ChromeDriverService$Builder.findDefaultExecutable(ChromeDriverService.java:137)at org.openqa.selenium.remote.service.DriverService$Builder.build(DriverService.java:339)at org.openqa.selenium.chrome.ChromeDriverService.createDefaultService(ChromeDriverService.java:88)at org.openqa.selenium.chrome.ChromeDriver.<init>(ChromeDriver.java:123)at com.calculator.automation.CalculatorTests.beforeEachMethod(CalculatorTests.java:37)... Removed 28 stack frames]]>
    </failure>
  </testcase> <!-- @BeforeMethod beforeEachMethod -->
  <testcase name="@AfterMethod afterEachMethod" time="0.0" classname="com.calculator.automation.CalculatorTests">
    <skipped/>
  </testcase> <!-- @AfterMethod afterEachMethod -->
  <testcase name="@AfterClass cleanUp" time="0.0" classname="com.calculator.automation.CalculatorTests">
    <skipped/>
  </testcase> <!-- @AfterClass cleanUp -->
  <testcase name="@BeforeMethod beforeAllMethod" time="0.027" classname="com.homework.selenium.automation.HomeworkWeek4Second">
    <failure type="java.lang.IllegalStateException" message="The driver executable does not exist: C:\Program Files (x86)\Java\Week4WebDriver-class\Week4WebDriver-class\src\test\resources\chromedriver.exe">
      <![CDATA[java.lang.IllegalStateException: The driver executable does not exist: C:\Program Files (x86)\Java\Week4WebDriver-class\Week4WebDriver-class\src\test\resources\chromedriver.exeat com.google.common.base.Preconditions.checkState(Preconditions.java:585)at org.openqa.selenium.remote.service.DriverService.checkExecutable(DriverService.java:136)at org.openqa.selenium.remote.service.DriverService.findExecutable(DriverService.java:131)at org.openqa.selenium.chrome.ChromeDriverService.access$000(ChromeDriverService.java:32)at org.openqa.selenium.chrome.ChromeDriverService$Builder.findDefaultExecutable(ChromeDriverService.java:137)at org.openqa.selenium.remote.service.DriverService$Builder.build(DriverService.java:339)at org.openqa.selenium.chrome.ChromeDriverService.createDefaultService(ChromeDriverService.java:88)at org.openqa.selenium.chrome.ChromeDriver.<init>(ChromeDriver.java:123)at com.homework.selenium.automation.HomeworkWeek4Second.beforeAllMethod(HomeworkWeek4Second.java:20)... Removed 28 stack frames]]>
    </failure>
  </testcase> <!-- @BeforeMethod beforeAllMethod -->
  <testcase name="@AfterMethod afterAllMethod" time="0.0" classname="com.homework.selenium.automation.HomeworkWeek4Second">
    <skipped/>
  </testcase> <!-- @AfterMethod afterAllMethod -->
  <testcase name="@BeforeMethod beforeEachTest" time="0.031" classname="com.calculator.automation.BrowserCommands">
    <failure type="java.lang.IllegalStateException" message="The driver executable does not exist: C:\Program Files (x86)\Java\Week4WebDriver-class\Week4WebDriver-class\src\test\resources\chromedriver.exe">
      <![CDATA[java.lang.IllegalStateException: The driver executable does not exist: C:\Program Files (x86)\Java\Week4WebDriver-class\Week4WebDriver-class\src\test\resources\chromedriver.exeat com.google.common.base.Preconditions.checkState(Preconditions.java:585)at org.openqa.selenium.remote.service.DriverService.checkExecutable(DriverService.java:136)at org.openqa.selenium.remote.service.DriverService.findExecutable(DriverService.java:131)at org.openqa.selenium.chrome.ChromeDriverService.access$000(ChromeDriverService.java:32)at org.openqa.selenium.chrome.ChromeDriverService$Builder.findDefaultExecutable(ChromeDriverService.java:137)at org.openqa.selenium.remote.service.DriverService$Builder.build(DriverService.java:339)at org.openqa.selenium.chrome.ChromeDriverService.createDefaultService(ChromeDriverService.java:88)at org.openqa.selenium.chrome.ChromeDriver.<init>(ChromeDriver.java:123)at com.calculator.automation.BrowserCommands.beforeEachTest(BrowserCommands.java:24)... Removed 28 stack frames]]>
    </failure>
  </testcase> <!-- @BeforeMethod beforeEachTest -->
  <testcase name="@AfterMethod afterEveryTest" time="0.0" classname="com.calculator.automation.BrowserCommands">
    <skipped/>
  </testcase> <!-- @AfterMethod afterEveryTest -->
  <testcase name="@BeforeClass setUp" time="0.045" classname="com.homework.selenium.automation.GeneralTesting">
    <failure type="java.lang.IllegalStateException" message="The path to the driver executable must be set by the webdriver.ie.driver system property; for more information, see https://github.com/SeleniumHQ/selenium/wiki/InternetExplorerDriver. The latest version can be downloaded from http://selenium-release.storage.googleapis.com/index.html">
      <![CDATA[java.lang.IllegalStateException: The path to the driver executable must be set by the webdriver.ie.driver system property; for more information, see https://github.com/SeleniumHQ/selenium/wiki/InternetExplorerDriver. The latest version can be downloaded from http://selenium-release.storage.googleapis.com/index.htmlat com.google.common.base.Preconditions.checkState(Preconditions.java:847)at org.openqa.selenium.remote.service.DriverService.findExecutable(DriverService.java:124)at org.openqa.selenium.ie.InternetExplorerDriverService.access$000(InternetExplorerDriverService.java:32)at org.openqa.selenium.ie.InternetExplorerDriverService$Builder.findDefaultExecutable(InternetExplorerDriverService.java:167)at org.openqa.selenium.remote.service.DriverService$Builder.build(DriverService.java:339)at org.openqa.selenium.ie.InternetExplorerDriver.setupService(InternetExplorerDriver.java:291)at org.openqa.selenium.ie.InternetExplorerDriver.<init>(InternetExplorerDriver.java:213)at org.openqa.selenium.ie.InternetExplorerDriver.<init>(InternetExplorerDriver.java:152)at com.homework.selenium.automation.GeneralTesting.setUp(GeneralTesting.java:27)... Removed 26 stack frames]]>
    </failure>
  </testcase> <!-- @BeforeClass setUp -->
  <testcase name="@AfterClass tearDown" time="0.0" classname="com.homework.selenium.automation.GeneralTesting">
    <failure type="java.lang.NullPointerException">
      <![CDATA[java.lang.NullPointerExceptionat com.homework.selenium.automation.GeneralTesting.tearDown(GeneralTesting.java:56)... Removed 26 stack frames]]>
    </failure>
  </testcase> <!-- @AfterClass tearDown -->
  <testcase name="@BeforeMethod beforeEveryTest" time="0.035" classname="com.calculator.automation.Testing">
    <failure type="java.lang.IllegalStateException" message="The driver executable does not exist: C:\Program Files (x86)\Java\Week4WebDriver-class\Week4WebDriver-class\src\test\resources\chromedriver.exe">
      <![CDATA[java.lang.IllegalStateException: The driver executable does not exist: C:\Program Files (x86)\Java\Week4WebDriver-class\Week4WebDriver-class\src\test\resources\chromedriver.exeat com.google.common.base.Preconditions.checkState(Preconditions.java:585)at org.openqa.selenium.remote.service.DriverService.checkExecutable(DriverService.java:136)at org.openqa.selenium.remote.service.DriverService.findExecutable(DriverService.java:131)at org.openqa.selenium.chrome.ChromeDriverService.access$000(ChromeDriverService.java:32)at org.openqa.selenium.chrome.ChromeDriverService$Builder.findDefaultExecutable(ChromeDriverService.java:137)at org.openqa.selenium.remote.service.DriverService$Builder.build(DriverService.java:339)at org.openqa.selenium.chrome.ChromeDriverService.createDefaultService(ChromeDriverService.java:88)at org.openqa.selenium.chrome.ChromeDriver.<init>(ChromeDriver.java:123)at com.calculator.automation.Testing.beforeEveryTest(Testing.java:22)... Removed 28 stack frames]]>
    </failure>
  </testcase> <!-- @BeforeMethod beforeEveryTest -->
  <testcase name="@AfterMethod afterEachTest" time="0.0" classname="com.calculator.automation.Testing">
    <skipped/>
  </testcase> <!-- @AfterMethod afterEachTest -->
  <testcase name="costcoWebsiteTest2" time="0.0" classname="com.costco.automate.AutomateCostcoWebsite">
    <skipped/>
  </testcase> <!-- costcoWebsiteTest2 -->
  <testcase name="mortgageCalculatorTestsForUsDollar" time="0.0" classname="com.calculator.automation.CalculatorTests">
    <skipped/>
  </testcase> <!-- mortgageCalculatorTestsForUsDollar -->
  <testcase name="geicoComTest" time="3.726" classname="com.geico.com.GeicoCom"/>
  <testcase name="sendingEmail" time="52.992" classname="com.test.gmail.GmailTests">
    <failure type="java.lang.AssertionError" message="expected [true] but found [false]">
      <![CDATA[java.lang.AssertionError: expected [true] but found [false]at com.my_global_library.MyGlobalSeleniumLibrary.clickBtn(MyGlobalSeleniumLibrary.java:148)at com.test.gmail.GmailTests.sendingEmail(GmailTests.java:38)... Removed 29 stack frames]]>
    </failure>
  </testcase> <!-- sendingEmail -->
  <testcase name="automateMortgageCalculate" time="0.0" classname="com.homework.selenium.automation.HomeworkWeek4Second">
    <skipped/>
  </testcase> <!-- automateMortgageCalculate -->
  <testcase name="outomateMortgageWebsite" time="0.036" classname="com.homework.selenium.automation.HomeworkForWeek4">
    <failure type="java.lang.IllegalStateException" message="The driver executable does not exist: C:\Program Files (x86)\Java\Week4WebDriver-class\Week4WebDriver-class\src\test\resources\chromedriver.exe">
      <![CDATA[java.lang.IllegalStateException: The driver executable does not exist: C:\Program Files (x86)\Java\Week4WebDriver-class\Week4WebDriver-class\src\test\resources\chromedriver.exeat com.google.common.base.Preconditions.checkState(Preconditions.java:585)at org.openqa.selenium.remote.service.DriverService.checkExecutable(DriverService.java:136)at org.openqa.selenium.remote.service.DriverService.findExecutable(DriverService.java:131)at org.openqa.selenium.chrome.ChromeDriverService.access$000(ChromeDriverService.java:32)at org.openqa.selenium.chrome.ChromeDriverService$Builder.findDefaultExecutable(ChromeDriverService.java:137)at org.openqa.selenium.remote.service.DriverService$Builder.build(DriverService.java:339)at org.openqa.selenium.chrome.ChromeDriverService.createDefaultService(ChromeDriverService.java:88)at org.openqa.selenium.chrome.ChromeDriver.<init>(ChromeDriver.java:123)at com.homework.selenium.automation.HomeworkForWeek4.outomateMortgageWebsite(HomeworkForWeek4.java:18)... Removed 25 stack frames]]>
    </failure>
  </testcase> <!-- outomateMortgageWebsite -->
  <testcase name="testing1" time="0.0" classname="com.calculator.automation.BrowserCommands">
    <skipped/>
  </testcase> <!-- testing1 -->
  <testcase name="unitedTest" time="35.462" classname="com.united.test.AutomateUnitedWebsite">
    <failure type="java.lang.AssertionError" message="expected [true] but found [false]">
      <![CDATA[java.lang.AssertionError: expected [true] but found [false]at com.my_global_library.MyGlobalSeleniumLibrary.clickBtn(MyGlobalSeleniumLibrary.java:148)at com.united.test.AutomateUnitedWebsite.unitedTest(AutomateUnitedWebsite.java:22)... Removed 29 stack frames]]>
    </failure>
  </testcase> <!-- unitedTest -->
  <testcase name="Test1" time="48.985" classname="com.thegreatcourses.tests.BuyOurnightskyCourseTest"/>
  <testcase name="testSearchRose" time="0.0" classname="com.homework.selenium.automation.GeneralTesting">
    <skipped/>
  </testcase> <!-- testSearchRose -->
  <testcase name="testing1" time="0.0" classname="com.calculator.automation.Testing">
    <skipped/>
  </testcase> <!-- testing1 -->
  <testcase name="buyScienceCourse" time="61.544" classname="com.thegreate.courses.BuyACourse"/>
  <testcase name="receivingEmail" time="54.489" classname="com.test.gmail.GmailTests">
    <failure type="java.lang.AssertionError" message="expected [true] but found [false]">
      <![CDATA[java.lang.AssertionError: expected [true] but found [false]at com.my_global_library.MyGlobalSeleniumLibrary.clickBtn(MyGlobalSeleniumLibrary.java:148)at com.test.gmail.GmailTests.receivingEmail(GmailTests.java:94)... Removed 29 stack frames]]>
    </failure>
  </testcase> <!-- receivingEmail -->
  <testcase name="browserCommandsTests" time="0.0" classname="com.calculator.automation.Testing">
    <ignored/>
  </testcase> <!-- browserCommandsTests -->
  <testcase name="findAlltheLinks" time="0.0" classname="com.calculator.automation.Testing">
    <ignored/>
  </testcase> <!-- findAlltheLinks -->
  <testcase name="testing_radio_btns" time="0.0" classname="com.calculator.automation.Testing">
    <ignored/>
  </testcase> <!-- testing_radio_btns -->
  <testcase name="testing_checkbox_radiobutton_elements" time="0.0" classname="com.calculator.automation.BrowserCommands">
    <ignored/>
  </testcase> <!-- testing_checkbox_radiobutton_elements -->
  <testcase name="mortgageCalculatorTestsForEuro" time="0.0" classname="com.calculator.automation.CalculatorTests">
    <ignored/>
  </testcase> <!-- mortgageCalculatorTestsForEuro -->
  <testcase name="testing_checkbox_radiobutton_elements" time="0.0" classname="com.calculator.automation.Testing">
    <ignored/>
  </testcase> <!-- testing_checkbox_radiobutton_elements -->
  <testcase name="costcoWebsiteTest1" time="0.0" classname="com.costco.automate.AutomateCostcoWebsite">
    <ignored/>
  </testcase> <!-- costcoWebsiteTest1 -->
  <testcase name="findAllLinks" time="0.0" classname="com.calculator.automation.BrowserCommands">
    <ignored/>
  </testcase> <!-- findAllLinks -->
  <testcase name="browserCommandsTests" time="0.0" classname="com.calculator.automation.BrowserCommands">
    <ignored/>
  </testcase> <!-- browserCommandsTests -->
</testsuite> <!-- Test -->
